
--- Status Check Started ---

--> ADC(Sound), OLED, and RTC Checks (I2C)

ADC @ 0x4 = Detected
Analog device using slot A0
Detecting Sample Sound values
Value 0: 524
Value 1: 536
Value 2: 513
Value 3: 494
Value 4: 493
 

OLED @ 0x3c = Detected

RTC time: Tue 2021-04-27 17:36:55

--> RG9 Rain Gauge Check (UART)
Reset D

;************************************************************; HYDREON MODEL RG-9 RAIN GAUGE

; SOFTWARE COPYRIGHT (C) 2020 HYDREON CORPORATION

SW 1.000 2020.06.05

Emitters 13 13, EmTotal 26

DIP 0000

PwrDays 0

--- Status Check Complete ---
(True, True, True, True)
OK

--- Status Check Started ---

--> ADC(Sound), OLED, and RTC Checks (I2C)

ADC @ 0x4 = Detected
Analog device using slot A0
Detecting Sample Sound values
Value 0: 552
Value 1: 531
Value 2: 499
Value 3: 502
Value 4: 516
 

OLED @ 0x3c = Detected

RTC time: Tue 2021-04-27 17:37:10

--> RG9 Rain Gauge Check (UART)
Reset D

;************************************************************; HYDREON MODEL RG-9 RAIN GAUGE

; SOFTWARE COPYRIGHT (C) 2020 HYDREON CORPORATION

SW 1.000 2020.06.05

Emitters 13 13, EmTotal 26

DIP 0000

PwrDays 0

--- Status Check Complete ---
(True, True, True, True)
OK
OK
Starting to record readings
● sound-rain-monitoring-py.service - Script captures and outputs data from ADC and RG9 UART
   Loaded: loaded (/lib/systemd/system/sound-rain-monitoring-py.service; disabled; vendor preset: enabled)
   Active: active (running) since Tue 2021-04-27 12:37:17 CDT; 79ms ago
 Main PID: 799 (python)
    Tasks: 1 (limit: 2062)
   CGroup: /system.slice/sound-rain-monitoring-py.service
           └─799 /usr/bin/python /home/pi/upstreamrain/sound-rain-monitoring.py

Apr 27 12:37:17 upstreamrainrpi systemd[1]: Started Script captures and outputs data from ADC and RG9 UART.

--- Status Check Started ---

--> ADC(Sound), OLED, and RTC Checks (I2C)

ADC @ 0x4 = Detected
Analog device using slot A0
Detecting Sample Sound values
Value 0: 510
Value 1: 529
Value 2: 566
Value 3: 450
Value 4: 526
 

OLED @ 0x3c = Detected

RTC time: Tue 2021-04-27 17:43:15

--> RG9 Rain Gauge Check (UART)
Reset D

;************************************************************; HYDREON MODEL RG-9 RAIN GAUGE

; SOFTWARE COPYRIGHT (C) 2020 HYDREON CORPORATION

SW 1.000 2020.06.05

Emitters 13 13, EmTotal 26

DIP 0000

PwrDays 0

--- Status Check Complete ---
(True, True, True, True)
OK

--- Status Check Started ---

--> ADC(Sound), OLED, and RTC Checks (I2C)

ADC @ 0x4 = Detected
Analog device using slot A0
Detecting Sample Sound values
Value 0: 922
Value 1: 956
Value 2: 357
Value 3: 941
Value 4: 732
 

OLED @ 0x3c = Detected

RTC time: Tue 2021-04-27 17:43:28

--> RG9 Rain Gauge Check (UART)
Reset D

;************************************************************; HYDREON MODEL RG-9 RAIN GAUGE

; SOFTWARE COPYRIGHT (C) 2020 HYDREON CORPORATION

SW 1.000 2020.06.05

Emitters 13 13, EmTotal 26

DIP 0000

PwrDays 0

--- Status Check Complete ---
(True, True, True, True)
OK
OK
Starting to record readings
● sound-rain-monitoring-py.service - Script captures and outputs data from ADC and RG9 UART
   Loaded: loaded (/lib/systemd/system/sound-rain-monitoring-py.service; disabled; vendor preset: enabled)
   Active: active (running) since Tue 2021-04-27 12:43:36 CDT; 81ms ago
 Main PID: 797 (python)
    Tasks: 1 (limit: 2062)
   CGroup: /system.slice/sound-rain-monitoring-py.service
           └─797 /usr/bin/python /home/pi/upstreamrain/sound-rain-monitoring.py

Apr 27 12:43:36 upstreamrainrpi systemd[1]: Started Script captures and outputs data from ADC and RG9 UART.
