
--- Status Check Started ---

--> ADC(Sound), OLED, and RTC Checks (I2C)

ADC @ 0x4 = Detected
Analog device using slot A0
Detecting Sample Sound values
Value 0: 499
Value 1: 508
Value 2: 520
Value 3: 532
Value 4: 532
 

OLED @ 0x3c = Detected

RTC time: Sun 2021-04-11 23:09:40

--> RG9 Rain Gauge Check (UART)
Reset D

;************************************************************; HYDREON MODEL RG-9 RAIN GAUGE

; SOFTWARE COPYRIGHT (C) 2020 HYDREON CORPORATION

SW 1.000 2020.06.05

Emitters 13 13, EmTotal 26

DIP 0000

PwrDays 0

--- Status Check Complete ---

--- Status Check Started ---

--> ADC(Sound), OLED, and RTC Checks (I2C)

ADC @ 0x4 = Detected
Analog device using slot A0
Detecting Sample Sound values
Value 0: 513
Value 1: 514
Value 2: 506
Value 3: 497
Value 4: 514
 

OLED @ 0x3c = Detected

RTC time: Sun 2021-04-11 23:25:28

--> RG9 Rain Gauge Check (UART)
Traceback (most recent call last):
  File "/home/pi/upstreamrain/statuscheck-oled.py", line 108, in <module>
    message = ser.readline()
  File "/usr/lib/python2.7/dist-packages/serial/serialposix.py", line 471, in read
    def read(self, size=1):
KeyboardInterrupt
